
> site@0.0.1 start /home/ec2-user/projects/namwkim/site
> node ./bin/www

[90mGET / [32m200 [90m31ms - 30.68kb[0m
[90mGET / [32m200 [90m17ms - 30.68kb[0m
[90mGET / [32m200 [90m17ms - 30.68kb[0m
[90mGET /assets/bootstrap/css/bootstrap.min.css [32m200 [90m90ms - 106.95kb[0m
[90mGET /assets/js/owl-carousel/owl.theme.css [32m200 [90m2ms - 1.63kb[0m
[90mGET /assets/js/owl-carousel/owl.carousel.css [32m200 [90m2ms - 1.44kb[0m
[90mGET /assets/js/owl-carousel/owl.transitions.css [32m200 [90m1ms - 4.37kb[0m
[90mGET /assets/bootstrap/css/bootstrap-theme.min.css [32m200 [90m101ms - 18.42kb[0m
[90mGET /assets/css/font-awesome/css/font-awesome.min.css [32m200 [90m1ms - 21.47kb[0m
[90mGET /assets/js/lightbox/css/lightbox.css [32m200 [90m2ms - 3.78kb[0m
[90mGET /assets/js/wow/animate.css [32m200 [90m301ms - 67.15kb[0m
[90mGET /assets/bootstrap/js/bootstrap.min.js [32m200 [90m2ms - 31.07kb[0m
[90mGET /assets/css/custom.css [32m200 [90m1ms - 73b[0m
[90mGET /assets/css/styles.css [32m200 [90m298ms - 46.13kb[0m
[90mGET /assets/js/jquery.easing.1.3.js [32m200 [90m2ms - 7.91kb[0m
[90mGET /assets/js/jquery.backstretch.min.js [32m200 [90m0ms - 4.13kb[0m
[90mGET /assets/js/detectmobilebrowser.js [32m200 [90m1ms - 2.17kb[0m
[90mGET /assets/js/lightbox/js/lightbox.min.js [32m200 [90m1ms - 7.62kb[0m
[90mGET /assets/js/owl-carousel/owl.carousel.min.js [32m200 [90m4ms - 14.57kb[0m
[90mGET /assets/js/wow/wow.min.js [32m200 [90m1ms - 4.66kb[0m
[90mGET /assets/css/fonts/stylesheet.css [32m200 [90m1ms - 2.09kb[0m
[90mGET /assets/js/initialise-functions.js [32m200 [90m0ms - 6.91kb[0m
[90mGET /assets/images/other_images/harvard_symbol.png [32m200 [90m1ms - 15.9kb[0m
[90mGET /assets/js/functions.js [32m200 [90m183ms - 49.65kb[0m
[90mGET /assets/images/other_images/stanford_symbol.png [32m200 [90m1ms - 14.91kb[0m
[90mGET /assets/images/other_images/iit_symbol.png [32m200 [90m0ms - 2.33kb[0m
[90mGET /assets/images/other_images/stonybrook_symbol.png [32m200 [90m245ms - 45.78kb[0m
[90mGET / [36m304 [90m11ms[0m
[90mGET /assets/css/fonts/OpenSans-Light-webfont.svg [32m200 [90m186ms - 114.52kb[0m
[90mGET /assets/css/fonts/OpenSans-Bold-webfont.svg [32m200 [90m1ms - 115.49kb[0m
[90mGET /assets/images/other_images/nam_vintage.jpg [32m200 [90m639ms - 379.13kb[0m
[90mGET /assets/css/fonts/OpenSans-Regular-webfont.svg [32m200 [90m1ms - 116.6kb[0m
[90mGET /assets/images/other_images/ajou_symbol.png [32m200 [90m580ms - 237.77kb[0m
[90mGET /assets/bootstrap/css/bootstrap.min.css [36m304 [90m3ms[0m
[90mGET /assets/js/owl-carousel/owl.theme.css [36m304 [90m1ms[0m
[90mGET /assets/js/owl-carousel/owl.carousel.css [36m304 [90m1ms[0m
[90mGET /assets/js/owl-carousel/owl.transitions.css [36m304 [90m1ms[0m
[90mGET /assets/bootstrap/css/bootstrap-theme.min.css [36m304 [90m1ms[0m
[90mGET /assets/js/wow/animate.css [36m304 [90m0ms[0m
[90mGET /assets/css/font-awesome/css/font-awesome.min.css [36m304 [90m1ms[0m
[90mGET /assets/js/lightbox/css/lightbox.css [36m304 [90m1ms[0m
[90mGET /assets/css/styles.css [36m304 [90m3ms[0m
[90mGET /assets/css/custom.css [36m304 [90m2ms[0m
[90mGET /assets/bootstrap/js/bootstrap.min.js [36m304 [90m2ms[0m
[90mGET /assets/js/jquery.easing.1.3.js [36m304 [90m0ms[0m
[90mGET /assets/js/jquery.backstretch.min.js [36m304 [90m1ms[0m
[90mGET /assets/js/detectmobilebrowser.js [36m304 [90m0ms[0m
[90mGET /assets/js/functions.js [36m304 [90m1ms[0m
[90mGET /assets/js/owl-carousel/owl.carousel.min.js [36m304 [90m1ms[0m
[90mGET /assets/js/wow/wow.min.js [36m304 [90m1ms[0m
[90mGET /assets/js/lightbox/js/lightbox.min.js [36m304 [90m2ms[0m
[90mGET /assets/js/initialise-functions.js [36m304 [90m0ms[0m
[90mGET /assets/css/fonts/stylesheet.css [36m304 [90m0ms[0m
[90mGET /assets/images/other_images/harvard_symbol.png [36m304 [90m2ms[0m
[90mGET /assets/images/other_images/nam_vintage.jpg [32m206 [90m3ms - 1b[0m
[90mGET /assets/images/other_images/stanford_symbol.png [36m304 [90m1ms[0m
[90mGET /assets/images/other_images/stonybrook_symbol.png [32m206 [90m2ms - 1b[0m
[90mGET /assets/images/other_images/ajou_symbol.png [32m206 [90m1ms - 1b[0m
[90mGET /assets/images/other_images/iit_symbol.png [36m304 [90m1ms[0m
[90mGET /assets/css/fonts/OpenSans-Light-webfont.svg [32m206 [90m0ms - 1b[0m
[90mGET /assets/css/fonts/OpenSans-Regular-webfont.svg [32m200 [90m137ms - 116.6kb[0m
[90mGET /assets/bootstrap/fonts/glyphicons-halflings-regular.woff [32m200 [90m170ms - 22.77kb[0m
[90mGET /assets/images/other_images/stonybrook_symbol.png [32m206 [90m1ms - 538b[0m
[90mGET /assets/css/fonts/OpenSans-Bold-webfont.svg [32m200 [90m358ms - 115.49kb[0m
[90mGET /assets/css/fonts/OpenSans-Light-webfont.svg [32m206 [90m433ms - 90.48kb[0m
[90mGET /assets/images/theme_images/background-image-overlay.png [32m200 [90m1ms - 3.2kb[0m
[90mGET /assets/images/theme_images/social_icons/linkedin.png [32m200 [90m1ms - 1.62kb[0m
[90mGET /assets/images/theme_images/social_icons/facebook.png [32m200 [90m2ms - 1.48kb[0m
[90mGET /assets/images/other_images/kaist_symbol.png [32m200 [90m2ms - 2.54kb[0m
[90mGET /assets/images/other_images/lg_symbol.png [32m200 [90m1ms - 11.3kb[0m
[90mGET /assets/images/other_images/nam_vintage.jpg [32m206 [90m1465ms - 271.67kb[0m
[90mGET /assets/images/other_images/ajou_symbol.png [32m206 [90m1228ms - 144.44kb[0m
[90mGET /assets/images/other_images/samsung_symbol.jpeg [32m200 [90m1ms - 6.73kb[0m
[90mGET /assets/images/other_images/tlc_symbol.jpg [32m200 [90m4ms - 2.87kb[0m
[90mGET /assets/js/lightbox/img/close.png [32m200 [90m1ms - 2.86kb[0m
[90mGET /assets/js/lightbox/img/loading.gif [32m200 [90m2ms - 8.28kb[0m
[90mGET /assets/js/lightbox/img/prev.png [32m200 [90m0ms - 3.05kb[0m
[90mGET /assets/js/lightbox/img/next.png [32m200 [90m1ms - 3.03kb[0m
[90mGET /assets/images/other_images/bg5.jpg [32m200 [90m174ms - 111.15kb[0m
[90mGET /assets/images/other_images/bg2.jpg [32m200 [90m3ms - 156.59kb[0m
[90mGET /assets/images/other_images/bg1.jpg [32m200 [90m2ms - 80.52kb[0m
[90mGET /assets/images/other_images/bg3.jpg [32m200 [90m97ms - 131.53kb[0m
[90mGET /assets/images/other_images/bg6.jpg [32m200 [90m430ms - 92.09kb[0m
[90mGET /assets/images/other_images/bg4.jpg [32m200 [90m765ms - 190.18kb[0m
[90mGET /assets/images/other_images/favicon.ico [32m200 [90m1ms - 1.37kb[0m
[90mGET / [32m200 [90m10ms - 30.68kb[0m
[90mGET /assets/js/owl-carousel/owl.theme.css [32m200 [90m2ms - 1.63kb[0m
[90mGET /assets/js/owl-carousel/owl.carousel.css [32m200 [90m2ms - 1.44kb[0m
[90mGET /assets/bootstrap/css/bootstrap.min.css [32m200 [90m167ms - 106.95kb[0m
[90mGET /assets/bootstrap/css/bootstrap-theme.min.css [32m200 [90m90ms - 18.42kb[0m
[90mGET /assets/js/owl-carousel/owl.transitions.css [32m200 [90m1ms - 4.37kb[0m
[90mGET /assets/css/font-awesome/css/font-awesome.min.css [32m200 [90m195ms - 21.47kb[0m
[90mGET /assets/css/styles.css [32m200 [90m1ms - 46.13kb[0m
[90mGET /assets/js/lightbox/css/lightbox.css [32m200 [90m1ms - 3.78kb[0m
[90mGET /assets/js/wow/animate.css [32m200 [90m208ms - 67.15kb[0m
[90mGET /assets/css/custom.css [32m200 [90m0ms - 73b[0m
[90mGET /assets/bootstrap/js/bootstrap.min.js [32m200 [90m1ms - 31.07kb[0m
[90mGET /assets/js/jquery.easing.1.3.js [32m200 [90m1ms - 7.91kb[0m
[90mGET /assets/css/fonts/stylesheet.css [32m200 [90m2ms - 2.09kb[0m
[90mGET /assets/js/jquery.backstretch.min.js [32m200 [90m0ms - 4.13kb[0m
[90mGET /assets/js/detectmobilebrowser.js [32m200 [90m1ms - 2.17kb[0m
[90mGET /assets/js/lightbox/js/lightbox.min.js [32m200 [90m0ms - 7.62kb[0m
[90mGET /assets/js/owl-carousel/owl.carousel.min.js [32m200 [90m1ms - 14.57kb[0m
[90mGET /assets/js/wow/wow.min.js [32m200 [90m1ms - 4.66kb[0m
[90mGET /assets/js/functions.js [32m200 [90m1ms - 49.65kb[0m
[90mGET /assets/js/initialise-functions.js [32m200 [90m1ms - 6.91kb[0m
[90mGET /assets/images/other_images/nam_vintage.jpg [32m200 [90m663ms - 379.13kb[0m
[90mGET /assets/css/fonts/OpenSans-Light-webfont.svg [32m200 [90m164ms - 114.52kb[0m
[90mGET /assets/bootstrap/fonts/glyphicons-halflings-regular.woff [32m200 [90m2ms - 22.77kb[0m
[90mGET /assets/css/fonts/OpenSans-Bold-webfont.svg [32m200 [90m271ms - 115.49kb[0m
[90mGET /assets/css/fonts/OpenSans-Regular-webfont.svg [32m200 [90m164ms - 116.6kb[0m
[90mGET /assets/images/other_images/bg5.jpg [32m200 [90m1ms - 111.15kb[0m
[90mGET /assets/images/theme_images/background-image-overlay.png [32m200 [90m1ms - 3.2kb[0m
[90mGET /assets/images/theme_images/social_icons/facebook.png [32m200 [90m0ms - 1.48kb[0m
[90mGET /assets/images/theme_images/social_icons/linkedin.png [32m200 [90m1ms - 1.62kb[0m
[90mGET /assets/images/other_images/harvard_symbol.png [32m200 [90m1ms - 15.9kb[0m
[90mGET /assets/images/other_images/stanford_symbol.png [32m200 [90m0ms - 14.91kb[0m
[90mGET /assets/images/other_images/stonybrook_symbol.png [32m200 [90m1ms - 45.78kb[0m
[90mGET /assets/images/other_images/iit_symbol.png [32m200 [90m1ms - 2.33kb[0m
[90mGET /assets/images/other_images/kaist_symbol.png [32m200 [90m1ms - 2.54kb[0m
[90mGET /assets/images/other_images/lg_symbol.png [32m200 [90m0ms - 11.3kb[0m
[90mGET /assets/images/other_images/samsung_symbol.jpeg [32m200 [90m1ms - 6.73kb[0m
[90mGET /assets/images/other_images/tlc_symbol.jpg [32m200 [90m1ms - 2.87kb[0m
[90mGET /assets/images/other_images/ajou_symbol.png [32m200 [90m330ms - 237.77kb[0m
[90mGET /assets/js/lightbox/img/close.png [32m200 [90m1ms - 2.86kb[0m
[90mGET /assets/js/lightbox/img/loading.gif [32m200 [90m1ms - 8.28kb[0m
[90mGET /assets/js/lightbox/img/prev.png [32m200 [90m2ms - 3.05kb[0m
[90mGET /assets/js/lightbox/img/next.png [32m200 [90m0ms - 3.03kb[0m
[90mGET /assets/images/other_images/bg1.jpg [32m200 [90m1ms - 80.52kb[0m
[90mGET /assets/images/other_images/bg6.jpg [32m200 [90m14ms - 92.09kb[0m
[90mGET /assets/images/other_images/bg2.jpg [32m200 [90m231ms - 156.59kb[0m
[90mGET /assets/images/other_images/bg4.jpg [32m200 [90m261ms - 190.18kb[0m
[90mGET /assets/images/other_images/bg3.jpg [32m200 [90m625ms - 131.53kb[0m
[90mGET /assets/images/other_images/favicon.ico [32m200 [90m1ms - 1.37kb[0m

> site@0.0.1 start /home/ec2-user/projects/namwkim/site
> node ./bin/www

events.js:85
      throw er; // Unhandled 'error' event
            ^
Error: listen EACCES
    at exports._errnoException (util.js:742:11)
    at Server._listen2 (net.js:1106:19)
    at listen (net.js:1147:10)
    at Server.listen (net.js:1222:5)
    at Function.app.listen (/home/ec2-user/projects/namwkim/site/node_modules/express/lib/application.js:532:24)
    at Object.<anonymous> (/home/ec2-user/projects/namwkim/site/bin/www:7:18)
    at Module._compile (module.js:460:26)
    at Object.Module._extensions..js (module.js:478:10)
    at Module.load (module.js:355:32)
    at Function.Module._load (module.js:310:12)

npm ERR! Linux 3.10.42-52.145.amzn1.x86_64
npm ERR! "node" "/usr/local/bin/npm" "start"
npm ERR! node v0.13.0-pre
npm ERR! npm  2.0.0-beta.3
npm ERR! code ELIFECYCLE
npm ERR! site@0.0.1 start: `node ./bin/www`
npm ERR! Exit status 1
npm ERR! 
npm ERR! Failed at the site@0.0.1 start script.
npm ERR! This is most likely a problem with the site package,
npm ERR! not with npm itself.
npm ERR! Tell the author that this fails on your system:
npm ERR!     node ./bin/www
npm ERR! You can get their info via:
npm ERR!     npm owner ls site
npm ERR! There is likely additional logging output above.

npm ERR! Please include the following file with any support request:
npm ERR!     /home/ec2-user/projects/namwkim/site/npm-debug.log

> site@0.0.1 start /home/ec2-user/projects/namwkim/site
> node ./bin/www


> site@0.0.1 start /home/ec2-user/projects/namwkim/site
> node ./bin/www

events.js:85
      throw er; // Unhandled 'error' event
            ^
Error: listen EACCES
    at exports._errnoException (util.js:742:11)
    at Server._listen2 (net.js:1106:19)
    at listen (net.js:1147:10)
    at Server.listen (net.js:1222:5)
    at Function.app.listen (/home/ec2-user/projects/namwkim/site/node_modules/express/lib/application.js:532:24)
    at Object.<anonymous> (/home/ec2-user/projects/namwkim/site/bin/www:7:18)
    at Module._compile (module.js:460:26)
    at Object.Module._extensions..js (module.js:478:10)
    at Module.load (module.js:355:32)
    at Function.Module._load (module.js:310:12)

npm ERR! Linux 3.10.42-52.145.amzn1.x86_64
npm ERR! "node" "/usr/local/bin/npm" "start"
npm ERR! node v0.13.0-pre
npm ERR! npm  2.0.0-beta.3
npm ERR! code ELIFECYCLE
npm ERR! site@0.0.1 start: `node ./bin/www`
npm ERR! Exit status 1
npm ERR! 
npm ERR! Failed at the site@0.0.1 start script.
npm ERR! This is most likely a problem with the site package,
npm ERR! not with npm itself.
npm ERR! Tell the author that this fails on your system:
npm ERR!     node ./bin/www
npm ERR! You can get their info via:
npm ERR!     npm owner ls site
npm ERR! There is likely additional logging output above.

npm ERR! Please include the following file with any support request:
npm ERR!     /home/ec2-user/projects/namwkim/site/npm-debug.log

> site@0.0.1 start /home/ec2-user/projects/namwkim/site
> node ./bin/www

events.js:85
      throw er; // Unhandled 'error' event
            ^
Error: listen EACCES
    at exports._errnoException (util.js:742:11)
    at Server._listen2 (net.js:1106:19)
    at listen (net.js:1147:10)
    at Server.listen (net.js:1222:5)
    at Function.app.listen (/home/ec2-user/projects/namwkim/site/node_modules/express/lib/application.js:532:24)
    at Object.<anonymous> (/home/ec2-user/projects/namwkim/site/bin/www:7:18)
    at Module._compile (module.js:460:26)
    at Object.Module._extensions..js (module.js:478:10)
    at Module.load (module.js:355:32)
    at Function.Module._load (module.js:310:12)

npm ERR! Linux 3.10.42-52.145.amzn1.x86_64
npm ERR! "node" "/usr/local/bin/npm" "start"
npm ERR! node v0.13.0-pre
npm ERR! npm  2.0.0-beta.3
npm ERR! code ELIFECYCLE
npm ERR! site@0.0.1 start: `node ./bin/www`
npm ERR! Exit status 1
npm ERR! 
npm ERR! Failed at the site@0.0.1 start script.
npm ERR! This is most likely a problem with the site package,
npm ERR! not with npm itself.
npm ERR! Tell the author that this fails on your system:
npm ERR!     node ./bin/www
npm ERR! You can get their info via:
npm ERR!     npm owner ls site
npm ERR! There is likely additional logging output above.

npm ERR! Please include the following file with any support request:
npm ERR!     /home/ec2-user/projects/namwkim/site/npm-debug.log

> site@0.0.1 start /home/ec2-user/projects/namwkim/site
> node ./bin/www

events.js:85
      throw er; // Unhandled 'error' event
            ^
Error: listen EADDRINUSE
    at exports._errnoException (util.js:742:11)
    at Server._listen2 (net.js:1123:14)
    at listen (net.js:1147:10)
    at Server.listen (net.js:1222:5)
    at Function.app.listen (/home/ec2-user/projects/namwkim/site/node_modules/express/lib/application.js:532:24)
    at Object.<anonymous> (/home/ec2-user/projects/namwkim/site/bin/www:7:18)
    at Module._compile (module.js:460:26)
    at Object.Module._extensions..js (module.js:478:10)
    at Module.load (module.js:355:32)
    at Function.Module._load (module.js:310:12)

npm ERR! Linux 3.10.42-52.145.amzn1.x86_64
npm ERR! "node" "/usr/local/bin/npm" "start"
npm ERR! node v0.13.0-pre
npm ERR! npm  2.0.0-beta.3
npm ERR! code ELIFECYCLE
npm ERR! site@0.0.1 start: `node ./bin/www`
npm ERR! Exit status 1
npm ERR! 
npm ERR! Failed at the site@0.0.1 start script.
npm ERR! This is most likely a problem with the site package,
npm ERR! not with npm itself.
npm ERR! Tell the author that this fails on your system:
npm ERR!     node ./bin/www
npm ERR! You can get their info via:
npm ERR!     npm owner ls site
npm ERR! There is likely additional logging output above.

npm ERR! Please include the following file with any support request:
npm ERR!     /home/ec2-user/projects/namwkim/site/npm-debug.log

> site@0.0.1 start /home/ec2-user/projects/namwkim/site
> node ./bin/www

events.js:85
      throw er; // Unhandled 'error' event
            ^
Error: listen EADDRINUSE
    at exports._errnoException (util.js:742:11)
    at Server._listen2 (net.js:1123:14)
    at listen (net.js:1147:10)
    at Server.listen (net.js:1222:5)
    at Function.app.listen (/home/ec2-user/projects/namwkim/site/node_modules/express/lib/application.js:532:24)
    at Object.<anonymous> (/home/ec2-user/projects/namwkim/site/bin/www:7:18)
    at Module._compile (module.js:460:26)
    at Object.Module._extensions..js (module.js:478:10)
    at Module.load (module.js:355:32)
    at Function.Module._load (module.js:310:12)

npm ERR! Linux 3.10.42-52.145.amzn1.x86_64
npm ERR! "node" "/usr/local/bin/npm" "start"
npm ERR! node v0.13.0-pre
npm ERR! npm  2.0.0-beta.3
npm ERR! code ELIFECYCLE
npm ERR! site@0.0.1 start: `node ./bin/www`
npm ERR! Exit status 1
npm ERR! 
npm ERR! Failed at the site@0.0.1 start script.
npm ERR! This is most likely a problem with the site package,
npm ERR! not with npm itself.
npm ERR! Tell the author that this fails on your system:
npm ERR!     node ./bin/www
npm ERR! You can get their info via:
npm ERR!     npm owner ls site
npm ERR! There is likely additional logging output above.

npm ERR! Please include the following file with any support request:
npm ERR!     /home/ec2-user/projects/namwkim/site/npm-debug.log

> site@0.0.1 start /home/ec2-user/projects/namwkim/site
> node ./bin/www

[90mGET / [32m200 [90m30ms - 30.68kb[0m
[90mGET /assets/bootstrap/css/bootstrap-theme.min.css [32m200 [90m2ms - 18.42kb[0m
[90mGET /assets/js/owl-carousel/owl.carousel.css [32m200 [90m2ms - 1.44kb[0m
[90mGET /assets/js/owl-carousel/owl.theme.css [32m200 [90m2ms - 1.63kb[0m
[90mGET /assets/js/owl-carousel/owl.transitions.css [32m200 [90m2ms - 4.37kb[0m
[90mGET /assets/bootstrap/css/bootstrap.min.css [32m200 [90m185ms - 106.95kb[0m
[90mGET /assets/css/font-awesome/css/font-awesome.min.css [32m200 [90m0ms - 21.47kb[0m
[90mGET /assets/js/lightbox/css/lightbox.css [32m200 [90m1ms - 3.78kb[0m
[90mGET /assets/js/wow/animate.css [32m200 [90m298ms - 67.15kb[0m
[90mGET /assets/css/custom.css [32m200 [90m2ms - 73b[0m
[90mGET /assets/css/styles.css [32m200 [90m175ms - 46.13kb[0m
[90mGET /assets/bootstrap/js/bootstrap.min.js [32m200 [90m2ms - 31.07kb[0m
[90mGET /assets/js/jquery.easing.1.3.js [32m200 [90m1ms - 7.91kb[0m
[90mGET /assets/js/jquery.backstretch.min.js [32m200 [90m1ms - 4.13kb[0m
[90mGET /assets/js/detectmobilebrowser.js [32m200 [90m0ms - 2.17kb[0m
[90mGET /assets/js/owl-carousel/owl.carousel.min.js [32m200 [90m1ms - 14.57kb[0m
[90mGET /assets/js/lightbox/js/lightbox.min.js [32m200 [90m1ms - 7.62kb[0m
[90mGET /assets/js/wow/wow.min.js [32m200 [90m1ms - 4.66kb[0m
[90mGET /assets/js/functions.js [32m200 [90m3ms - 49.65kb[0m
[90mGET /assets/js/initialise-functions.js [32m200 [90m2ms - 6.91kb[0m
[90mGET /assets/css/fonts/stylesheet.css [32m200 [90m1ms - 2.09kb[0m
[90mGET /assets/images/other_images/harvard_symbol.png [32m200 [90m1ms - 15.9kb[0m
[90mGET /assets/images/other_images/stanford_symbol.png [32m200 [90m1ms - 14.91kb[0m
[90mGET /assets/images/other_images/stonybrook_symbol.png [32m200 [90m1ms - 45.78kb[0m
[90mGET /assets/images/other_images/iit_symbol.png [32m200 [90m1ms - 2.33kb[0m
[90mGET /assets/css/fonts/OpenSans-Bold-webfont.svg [32m200 [90m169ms - 115.49kb[0m
[90mGET /assets/images/other_images/nam_vintage.jpg [32m200 [90m583ms - 379.13kb[0m
[90mGET /assets/css/fonts/OpenSans-Light-webfont.svg [32m200 [90m337ms - 114.52kb[0m
[90mGET /assets/images/other_images/ajou_symbol.png [32m200 [90m605ms - 237.77kb[0m
[90mGET /assets/bootstrap/fonts/glyphicons-halflings-regular.woff [32m200 [90m471ms - 22.77kb[0m
[90mGET /assets/css/fonts/OpenSans-Regular-webfont.svg [32m200 [90m473ms - 116.6kb[0m
[90mGET /assets/images/theme_images/background-image-overlay.png [32m200 [90m1ms - 3.2kb[0m
[90mGET /assets/images/theme_images/social_icons/linkedin.png [32m200 [90m1ms - 1.62kb[0m
[90mGET /assets/images/theme_images/social_icons/facebook.png [32m200 [90m1ms - 1.48kb[0m
[90mGET /assets/images/other_images/kaist_symbol.png [32m200 [90m1ms - 2.54kb[0m
[90mGET /assets/images/other_images/lg_symbol.png [32m200 [90m1ms - 11.3kb[0m
[90mGET /assets/images/other_images/samsung_symbol.jpeg [32m200 [90m1ms - 6.73kb[0m
[90mGET /assets/images/other_images/tlc_symbol.jpg [32m200 [90m1ms - 2.87kb[0m
[90mGET /assets/js/lightbox/img/close.png [32m200 [90m1ms - 2.86kb[0m
[90mGET /assets/js/lightbox/img/loading.gif [32m200 [90m0ms - 8.28kb[0m
[90mGET /assets/js/lightbox/img/prev.png [32m200 [90m4ms - 3.05kb[0m
[90mGET /assets/js/lightbox/img/next.png [32m200 [90m1ms - 3.03kb[0m
[90mGET /assets/images/other_images/bg5.jpg [32m200 [90m1ms - 111.15kb[0m
[90mGET /assets/images/other_images/bg1.jpg [32m200 [90m3ms - 80.52kb[0m
[90mGET /assets/images/other_images/bg6.jpg [32m200 [90m4ms - 92.09kb[0m
[90mGET /assets/images/other_images/bg2.jpg [32m200 [90m3ms - 156.59kb[0m
[90mGET /assets/images/other_images/bg3.jpg [32m200 [90m171ms - 131.53kb[0m
[90mGET /assets/images/other_images/bg4.jpg [32m200 [90m312ms - 190.18kb[0m
[90mGET /assets/images/other_images/favicon.ico [32m200 [90m1ms - 1.37kb[0m
[90mGET /index.html [33m404 [90m17ms - 1.01kb[0m
[90mGET /index.html [33m404 [90m4ms - 1.01kb[0m
[90mGET /index.html [33m404 [90m2ms - 1.01kb[0m
[90mGET /index.html [33m404 [90m2ms - 1.01kb[0m
[90mGET /index.html [33m404 [90m2ms - 1.01kb[0m
[90mGET /index.html [33m404 [90m2ms - 1.01kb[0m
[90mGET /index.html [33m404 [90m2ms - 1.01kb[0m
[90mGET /index.html [33m404 [90m1ms - 1.01kb[0m
[90mGET /index.html [33m404 [90m2ms - 1.01kb[0m
[90mGET /index.html [33m404 [90m2ms - 1.01kb[0m
[90mGET /index.html [33m404 [90m3ms - 1.01kb[0m
[90mGET /index.html [33m404 [90m2ms - 1.01kb[0m
[90mGET /index.html [33m404 [90m2ms - 1.01kb[0m
[90mGET /index.html [33m404 [90m2ms - 1.01kb[0m
[90mGET /index.html [33m404 [90m2ms - 1.01kb[0m
[90mGET /index.html [33m404 [90m1ms - 1.01kb[0m
[90mGET /index.html [33m404 [90m1ms - 1.01kb[0m
[90mGET /index.html [33m404 [90m4ms - 1.01kb[0m
[90mGET /index.html [33m404 [90m2ms - 1.01kb[0m
[90mGET /index.html [33m404 [90m1ms - 1.01kb[0m
[90mGET /index.html [33m404 [90m2ms - 1.01kb[0m
[90mGET /index.html [33m404 [90m2ms - 1.01kb[0m
[90mGET /index.html [33m404 [90m2ms - 1.01kb[0m
[90mGET /index.html [33m404 [90m1ms - 1.01kb[0m
[90mGET /index.html [33m404 [90m1ms - 1.01kb[0m
[90mGET /index.html [33m404 [90m3ms - 1.01kb[0m
[90mGET /index.html [33m404 [90m2ms - 1.01kb[0m
[90mGET /index.html [33m404 [90m1ms - 1.01kb[0m
[90mGET /index.html [33m404 [90m2ms - 1.01kb[0m
[90mGET /index.html [33m404 [90m1ms - 1.01kb[0m
[90mGET /index.html [33m404 [90m1ms - 1.01kb[0m
[90mGET /index.html [33m404 [90m1ms - 1.01kb[0m
[90mGET /index.html [33m404 [90m3ms - 1.01kb[0m
[90mGET /index.html [33m404 [90m2ms - 1.01kb[0m
[90mGET /index.html [33m404 [90m4ms - 1.01kb[0m
[90mGET /index.html [33m404 [90m1ms - 1.01kb[0m
[90mGET /index.html [33m404 [90m1ms - 1.01kb[0m
[90mGET /index.html [33m404 [90m2ms - 1.01kb[0m
[90mGET /index.html [33m404 [90m2ms - 1.01kb[0m
[90mGET /index.html [33m404 [90m3ms - 1.01kb[0m
[90mGET /index.html [33m404 [90m2ms - 1.01kb[0m
[90mGET / [36m304 [90m17ms[0m
[90mGET /assets/bootstrap/css/bootstrap.min.css [36m304 [90m3ms[0m
[90mGET /assets/bootstrap/css/bootstrap-theme.min.css [36m304 [90m3ms[0m
[90mGET /assets/js/owl-carousel/owl.theme.css [36m304 [90m3ms[0m
[90mGET /assets/js/owl-carousel/owl.carousel.css [36m304 [90m3ms[0m
[90mGET /assets/js/owl-carousel/owl.transitions.css [36m304 [90m0ms[0m
[90mGET /assets/js/wow/animate.css [36m304 [90m0ms[0m
[90mGET /assets/css/font-awesome/css/font-awesome.min.css [36m304 [90m1ms[0m
[90mGET /assets/js/lightbox/css/lightbox.css [36m304 [90m0ms[0m
[90mGET /assets/css/custom.css [36m304 [90m0ms[0m
[90mGET /assets/css/styles.css [36m304 [90m1ms[0m
[90mGET /assets/js/jquery.easing.1.3.js [36m304 [90m1ms[0m
[90mGET /assets/bootstrap/js/bootstrap.min.js [36m304 [90m3ms[0m
[90mGET /assets/js/jquery.backstretch.min.js [36m304 [90m1ms[0m
[90mGET /assets/js/detectmobilebrowser.js [36m304 [90m0ms[0m
[90mGET /assets/js/lightbox/js/lightbox.min.js [36m304 [90m0ms[0m
[90mGET /assets/js/owl-carousel/owl.carousel.min.js [36m304 [90m1ms[0m
[90mGET /assets/js/wow/wow.min.js [36m304 [90m1ms[0m
[90mGET /assets/js/functions.js [36m304 [90m0ms[0m
[90mGET /assets/css/fonts/stylesheet.css [36m304 [90m1ms[0m
[90mGET /assets/js/initialise-functions.js [36m304 [90m0ms[0m
[90mGET /assets/images/other_images/stanford_symbol.png [36m304 [90m1ms[0m
[90mGET /assets/images/other_images/nam_vintage.jpg [36m304 [90m0ms[0m
[90mGET /assets/images/other_images/bg5.jpg [36m304 [90m1ms[0m
[90mGET /assets/images/other_images/harvard_symbol.png [36m304 [90m0ms[0m
[90mGET /assets/images/other_images/stonybrook_symbol.png [36m304 [90m1ms[0m
[90mGET /assets/images/other_images/ajou_symbol.png [36m304 [90m1ms[0m
[90mGET /assets/images/other_images/iit_symbol.png [36m304 [90m0ms[0m
[90mGET /assets/images/other_images/kaist_symbol.png [36m304 [90m0ms[0m
[90mGET /assets/images/other_images/lg_symbol.png [36m304 [90m0ms[0m
[90mGET /assets/images/other_images/samsung_symbol.jpeg [36m304 [90m1ms[0m
[90mGET /assets/images/other_images/tlc_symbol.jpg [36m304 [90m1ms[0m
[90mGET /assets/css/fonts/OpenSans-Light-webfont.svg [36m304 [90m0ms[0m
[90mGET /assets/bootstrap/fonts/glyphicons-halflings-regular.woff [36m304 [90m1ms[0m
[90mGET /assets/css/fonts/OpenSans-Regular-webfont.svg [36m304 [90m1ms[0m
[90mGET /assets/css/fonts/OpenSans-Bold-webfont.svg [36m304 [90m0ms[0m
[90mGET /assets/images/theme_images/social_icons/facebook.png [36m304 [90m0ms[0m
[90mGET /assets/images/theme_images/social_icons/linkedin.png [36m304 [90m0ms[0m
[90mGET /assets/images/theme_images/background-image-overlay.png [36m304 [90m1ms[0m
[90mGET /assets/js/lightbox/img/close.png [36m304 [90m0ms[0m
[90mGET /assets/js/lightbox/img/loading.gif [36m304 [90m1ms[0m
[90mGET /assets/js/lightbox/img/prev.png [36m304 [90m1ms[0m
[90mGET /assets/js/lightbox/img/next.png [36m304 [90m1ms[0m
[90mGET /assets/images/other_images/bg6.jpg [36m304 [90m2ms[0m
[90mGET /assets/images/other_images/bg1.jpg [36m304 [90m1ms[0m
[90mGET /assets/images/other_images/bg3.jpg [36m304 [90m0ms[0m
[90mGET /assets/images/other_images/bg2.jpg [36m304 [90m1ms[0m
[90mGET /assets/images/other_images/bg4.jpg [36m304 [90m0ms[0m
[90mGET /index.html [33m404 [90m1ms - 1.01kb[0m
[90mGET /index.html [33m404 [90m1ms - 1.01kb[0m
[90mGET /index.html [33m404 [90m3ms - 1.01kb[0m
[90mGET /index.html [33m404 [90m2ms - 1.01kb[0m
[90mGET /index.html [33m404 [90m1ms - 1.01kb[0m
[90mGET / [32m200 [90m13ms - 30.68kb[0m
[90mGET /assets/bootstrap/css/bootstrap-theme.min.css [32m200 [90m1ms - 18.42kb[0m
[90mGET /assets/js/owl-carousel/owl.theme.css [32m200 [90m0ms - 1.63kb[0m
[90mGET /assets/js/owl-carousel/owl.carousel.css [32m200 [90m1ms - 1.44kb[0m
[90mGET /assets/js/owl-carousel/owl.transitions.css [32m200 [90m1ms - 4.37kb[0m
[90mGET /assets/bootstrap/css/bootstrap.min.css [32m200 [90m201ms - 106.95kb[0m
[90mGET /assets/css/font-awesome/css/font-awesome.min.css [32m200 [90m1ms - 21.47kb[0m
[90mGET /assets/js/lightbox/css/lightbox.css [32m200 [90m1ms - 3.78kb[0m
[90mGET /assets/css/custom.css [32m200 [90m1ms - 73b[0m
[90mGET /assets/js/wow/animate.css [32m200 [90m224ms - 67.15kb[0m
[90mGET /assets/css/styles.css [32m200 [90m93ms - 46.13kb[0m
[90mGET /assets/bootstrap/js/bootstrap.min.js [32m200 [90m0ms - 31.07kb[0m
[90mGET /assets/js/jquery.easing.1.3.js [32m200 [90m1ms - 7.91kb[0m
[90mGET /assets/js/jquery.backstretch.min.js [32m200 [90m1ms - 4.13kb[0m
[90mGET /assets/js/detectmobilebrowser.js [32m200 [90m1ms - 2.17kb[0m
[90mGET /assets/js/wow/wow.min.js [32m200 [90m2ms - 4.66kb[0m
[90mGET /assets/js/owl-carousel/owl.carousel.min.js [32m200 [90m2ms - 14.57kb[0m
[90mGET /assets/js/lightbox/js/lightbox.min.js [32m200 [90m1ms - 7.62kb[0m
[90mGET /assets/css/fonts/stylesheet.css [32m200 [90m1ms - 2.09kb[0m
[90mGET /assets/js/initialise-functions.js [32m200 [90m1ms - 6.91kb[0m
[90mGET /assets/images/other_images/stanford_symbol.png [32m200 [90m1ms - 14.91kb[0m
[90mGET /assets/images/other_images/harvard_symbol.png [32m200 [90m1ms - 15.9kb[0m
[90mGET /assets/js/functions.js [32m200 [90m171ms - 49.65kb[0m
[90mGET /assets/images/other_images/stonybrook_symbol.png [32m200 [90m198ms - 45.78kb[0m
[90mGET /assets/images/other_images/iit_symbol.png [32m200 [90m1ms - 2.33kb[0m
[90mGET /assets/css/fonts/OpenSans-Light-webfont.svg [32m200 [90m268ms - 114.52kb[0m
[90mGET /assets/images/other_images/ajou_symbol.png [32m200 [90m474ms - 237.77kb[0m
[90mGET /assets/bootstrap/fonts/glyphicons-halflings-regular.woff [32m200 [90m1ms - 22.77kb[0m
[90mGET /assets/css/fonts/OpenSans-Regular-webfont.svg [32m200 [90m265ms - 116.6kb[0m
[90mGET /assets/css/fonts/OpenSans-Bold-webfont.svg [32m200 [90m489ms - 115.49kb[0m
[90mGET /assets/images/theme_images/background-image-overlay.png [32m200 [90m1ms - 3.2kb[0m
[90mGET /assets/images/theme_images/social_icons/linkedin.png [32m200 [90m1ms - 1.62kb[0m
[90mGET /assets/images/theme_images/social_icons/facebook.png [32m200 [90m3ms - 1.48kb[0m
[90mGET /assets/images/other_images/nam_vintage.jpg [32m200 [90m1719ms - 379.13kb[0m
[90mGET /assets/images/other_images/kaist_symbol.png [32m200 [90m7ms - 2.54kb[0m
[90mGET /assets/images/other_images/lg_symbol.png [32m200 [90m0ms - 11.3kb[0m
[90mGET /assets/images/other_images/samsung_symbol.jpeg [32m200 [90m0ms - 6.73kb[0m
[90mGET /assets/js/lightbox/img/close.png [32m200 [90m3ms - 2.86kb[0m
[90mGET /assets/images/other_images/tlc_symbol.jpg [32m200 [90m1ms - 2.87kb[0m
[90mGET /assets/js/lightbox/img/loading.gif [32m200 [90m0ms - 8.28kb[0m
[90mGET /assets/js/lightbox/img/prev.png [32m200 [90m0ms - 3.05kb[0m
[90mGET /assets/js/lightbox/img/next.png [32m200 [90m1ms - 3.03kb[0m
[90mGET /assets/images/other_images/bg5.jpg [32m200 [90m1ms - 111.15kb[0m
[90mGET /assets/images/other_images/bg1.jpg [32m200 [90m1ms - 80.52kb[0m
[90mGET /assets/images/other_images/bg6.jpg [32m200 [90m240ms - 92.09kb[0m
[90mGET /assets/images/other_images/bg2.jpg [32m200 [90m317ms - 156.59kb[0m
[90mGET /assets/images/other_images/bg3.jpg [32m200 [90m411ms - 131.53kb[0m
[90mGET /assets/images/other_images/bg4.jpg [32m200 [90m483ms - 190.18kb[0m
[90mGET /assets/images/other_images/favicon.ico [32m200 [90m1ms - 1.37kb[0m
[90mGET /index.html [33m404 [90m1ms - 1.01kb[0m
[90mGET /index.html [33m404 [90m2ms - 1.01kb[0m
[90mGET / [36m304 [90m9ms[0m
[90mGET /assets/bootstrap/css/bootstrap-theme.min.css [36m304 [90m1ms[0m
[90mGET /assets/bootstrap/css/bootstrap.min.css [36m304 [90m1ms[0m
[90mGET /assets/js/owl-carousel/owl.theme.css [36m304 [90m0ms[0m
[90mGET /assets/js/owl-carousel/owl.carousel.css [36m304 [90m1ms[0m
[90mGET /assets/js/owl-carousel/owl.transitions.css [36m304 [90m1ms[0m
[90mGET /assets/js/wow/animate.css [36m304 [90m0ms[0m
[90mGET /assets/css/font-awesome/css/font-awesome.min.css [36m304 [90m1ms[0m
[90mGET /assets/js/lightbox/css/lightbox.css [36m304 [90m1ms[0m
[90mGET /assets/css/styles.css [36m304 [90m0ms[0m
[90mGET /assets/css/custom.css [36m304 [90m0ms[0m
[90mGET /assets/bootstrap/js/bootstrap.min.js [36m304 [90m0ms[0m
[90mGET /assets/js/jquery.easing.1.3.js [36m304 [90m1ms[0m
[90mGET /assets/js/jquery.backstretch.min.js [36m304 [90m1ms[0m
[90mGET /assets/js/detectmobilebrowser.js [36m304 [90m1ms[0m
[90mGET /assets/js/owl-carousel/owl.carousel.min.js [36m304 [90m0ms[0m
[90mGET /assets/js/lightbox/js/lightbox.min.js [36m304 [90m0ms[0m
[90mGET /assets/js/wow/wow.min.js [36m304 [90m1ms[0m
[90mGET /assets/js/functions.js [36m304 [90m0ms[0m
[90mGET /assets/css/fonts/stylesheet.css [36m304 [90m1ms[0m
[90mGET /assets/js/initialise-functions.js [36m304 [90m1ms[0m
[90mGET /assets/images/other_images/nam_vintage.jpg [36m304 [90m1ms[0m
[90mGET /assets/images/other_images/harvard_symbol.png [36m304 [90m0ms[0m
[90mGET /assets/images/other_images/stanford_symbol.png [36m304 [90m1ms[0m
[90mGET /assets/images/other_images/stonybrook_symbol.png [36m304 [90m0ms[0m
[90mGET /assets/images/other_images/ajou_symbol.png [36m304 [90m0ms[0m
[90mGET /assets/images/other_images/iit_symbol.png [36m304 [90m0ms[0m
[90mGET /assets/images/other_images/kaist_symbol.png [36m304 [90m0ms[0m
[90mGET /assets/images/other_images/lg_symbol.png [36m304 [90m0ms[0m
[90mGET /assets/images/other_images/samsung_symbol.jpeg [36m304 [90m2ms[0m
[90mGET /assets/images/other_images/tlc_symbol.jpg [36m304 [90m1ms[0m
[90mGET /assets/css/fonts/OpenSans-Bold-webfont.svg [36m304 [90m1ms[0m
[90mGET /assets/css/fonts/OpenSans-Light-webfont.svg [36m304 [90m0ms[0m
[90mGET /assets/css/fonts/OpenSans-Regular-webfont.svg [36m304 [90m1ms[0m
[90mGET /assets/bootstrap/fonts/glyphicons-halflings-regular.woff [36m304 [90m0ms[0m
[90mGET /assets/images/theme_images/social_icons/facebook.png [36m304 [90m0ms[0m
[90mGET /assets/images/theme_images/social_icons/linkedin.png [36m304 [90m0ms[0m
[90mGET /assets/images/theme_images/background-image-overlay.png [36m304 [90m2ms[0m
[90mGET /assets/js/lightbox/img/close.png [36m304 [90m1ms[0m
[90mGET /assets/js/lightbox/img/loading.gif [36m304 [90m0ms[0m
[90mGET /assets/js/lightbox/img/prev.png [36m304 [90m0ms[0m
[90mGET /assets/js/lightbox/img/next.png [36m304 [90m1ms[0m
[90mGET /assets/images/other_images/bg5.jpg [36m304 [90m1ms[0m
[90mGET /assets/images/other_images/bg1.jpg [36m304 [90m2ms[0m
[90mGET /assets/images/other_images/bg6.jpg [36m304 [90m0ms[0m
[90mGET /assets/images/other_images/bg2.jpg [36m304 [90m1ms[0m
[90mGET /assets/images/other_images/bg3.jpg [36m304 [90m0ms[0m
[90mGET /assets/images/other_images/bg4.jpg [36m304 [90m1ms[0m
[90mGET /index.html [33m404 [90m2ms - 1.01kb[0m
[90mGET /index.html [33m404 [90m1ms - 1.01kb[0m
[90mGET /index.html [33m404 [90m1ms - 1.01kb[0m
[90mGET /index.html [33m404 [90m4ms - 1.01kb[0m
[90mGET /index.html [33m404 [90m1ms - 1.01kb[0m
[90mGET / [36m304 [90m9ms[0m
[90mGET /assets/js/wow/animate.css [36m304 [90m1ms[0m
[90mGET /assets/bootstrap/css/bootstrap-theme.min.css [36m304 [90m1ms[0m
[90mGET /assets/bootstrap/css/bootstrap.min.css [36m304 [90m1ms[0m
[90mGET /assets/js/owl-carousel/owl.theme.css [36m304 [90m1ms[0m
[90mGET /assets/js/owl-carousel/owl.transitions.css [36m304 [90m2ms[0m
[90mGET /assets/js/owl-carousel/owl.carousel.css [36m304 [90m2ms[0m
[90mGET /assets/css/font-awesome/css/font-awesome.min.css [36m304 [90m1ms[0m
[90mGET /assets/js/lightbox/css/lightbox.css [36m304 [90m0ms[0m
[90mGET /assets/css/styles.css [36m304 [90m1ms[0m
[90mGET /assets/bootstrap/js/bootstrap.min.js [36m304 [90m1ms[0m
[90mGET /assets/js/jquery.easing.1.3.js [36m304 [90m1ms[0m
[90mGET /assets/css/custom.css [36m304 [90m0ms[0m
[90mGET /assets/js/jquery.backstretch.min.js [36m304 [90m1ms[0m
[90mGET /assets/js/detectmobilebrowser.js [36m304 [90m1ms[0m
[90mGET /assets/js/owl-carousel/owl.carousel.min.js [36m304 [90m1ms[0m
[90mGET /assets/js/lightbox/js/lightbox.min.js [36m304 [90m0ms[0m
[90mGET /assets/js/wow/wow.min.js [36m304 [90m1ms[0m
[90mGET /assets/js/functions.js [36m304 [90m0ms[0m
[90mGET /assets/css/fonts/stylesheet.css [36m304 [90m1ms[0m
[90mGET /assets/js/initialise-functions.js [36m304 [90m0ms[0m
[90mGET /assets/images/other_images/nam_vintage.jpg [36m304 [90m1ms[0m
[90mGET /assets/images/other_images/harvard_symbol.png [36m304 [90m1ms[0m
[90mGET /assets/images/other_images/stanford_symbol.png [36m304 [90m0ms[0m
[90mGET /assets/images/other_images/stonybrook_symbol.png [36m304 [90m0ms[0m
[90mGET /assets/images/other_images/ajou_symbol.png [36m304 [90m1ms[0m
[90mGET /assets/images/other_images/iit_symbol.png [36m304 [90m0ms[0m
[90mGET /assets/images/other_images/kaist_symbol.png [36m304 [90m1ms[0m
[90mGET /assets/images/other_images/lg_symbol.png [36m304 [90m1ms[0m
[90mGET /assets/images/other_images/samsung_symbol.jpeg [36m304 [90m0ms[0m
[90mGET /assets/images/other_images/tlc_symbol.jpg [36m304 [90m0ms[0m
[90mGET /assets/css/fonts/OpenSans-Light-webfont.svg [36m304 [90m1ms[0m
[90mGET /assets/css/fonts/OpenSans-Bold-webfont.svg [36m304 [90m0ms[0m
[90mGET /assets/bootstrap/fonts/glyphicons-halflings-regular.woff [36m304 [90m1ms[0m
[90mGET /assets/css/fonts/OpenSans-Regular-webfont.svg [36m304 [90m0ms[0m
[90mGET /assets/images/theme_images/background-image-overlay.png [36m304 [90m0ms[0m
[90mGET /assets/images/theme_images/social_icons/facebook.png [36m304 [90m0ms[0m
[90mGET /assets/images/theme_images/social_icons/linkedin.png [36m304 [90m0ms[0m
[90mGET /assets/js/lightbox/img/close.png [36m304 [90m1ms[0m
[90mGET /assets/js/lightbox/img/prev.png [36m304 [90m0ms[0m
[90mGET /assets/js/lightbox/img/loading.gif [36m304 [90m0ms[0m
[90mGET /assets/js/lightbox/img/next.png [36m304 [90m0ms[0m
[90mGET /assets/images/other_images/bg5.jpg [36m304 [90m1ms[0m
[90mGET /assets/images/other_images/bg1.jpg [36m304 [90m1ms[0m
[90mGET /assets/images/other_images/bg2.jpg [36m304 [90m0ms[0m
[90mGET /assets/images/other_images/bg6.jpg [36m304 [90m0ms[0m
[90mGET /assets/images/other_images/bg3.jpg [36m304 [90m0ms[0m
[90mGET /assets/images/other_images/bg4.jpg [36m304 [90m0ms[0m
[90mGET /index.html [33m404 [90m1ms - 1.01kb[0m
[90mGET /index.html [33m404 [90m2ms - 1.01kb[0m
[90mGET /index.html [33m404 [90m2ms - 1.01kb[0m
[90mGET /index.html [33m404 [90m2ms - 1.01kb[0m
[90mGET /index.html [33m404 [90m5ms - 1.01kb[0m
[90mGET /index.html [33m404 [90m1ms - 1.01kb[0m
[90mGET /index.html [33m404 [90m1ms - 1.01kb[0m
[90mGET /index.html [33m404 [90m1ms - 1.01kb[0m
[90mGET /index.html [33m404 [90m1ms - 1.01kb[0m
[90mGET /index.html [33m404 [90m1ms - 1.01kb[0m
[90mGET /index.html [33m404 [90m1ms - 1.01kb[0m
[90mGET /index.html [33m404 [90m2ms - 1.01kb[0m
[90mGET /index.html [33m404 [90m2ms - 1.01kb[0m
[90mGET /index.html [33m404 [90m1ms - 1.01kb[0m
[90mGET /index.html [33m404 [90m1ms - 1.01kb[0m
[90mGET /index.html [33m404 [90m4ms - 1.01kb[0m
[90mGET /index.html [33m404 [90m2ms - 1.01kb[0m
[90mGET /index.html [33m404 [90m1ms - 1.01kb[0m
[90mGET /index.html [33m404 [90m2ms - 1.01kb[0m
[90mGET /index.html [33m404 [90m1ms - 1.01kb[0m
[90mGET /index.html [33m404 [90m1ms - 1.01kb[0m
[90mGET /index.html [33m404 [90m1ms - 1.01kb[0m
[90mGET /index.html [33m404 [90m2ms - 1.01kb[0m
[90mGET /index.html [33m404 [90m0ms - 1.01kb[0m
[90mGET /index.html [33m404 [90m1ms - 1.01kb[0m
[90mGET /index.html [33m404 [90m1ms - 1.01kb[0m
[90mGET /index.html [33m404 [90m1ms - 1.01kb[0m
[90mGET /index.html [33m404 [90m1ms - 1.01kb[0m
[90mGET /index.html [33m404 [90m1ms - 1.01kb[0m
[90mGET /index.html [33m404 [90m1ms - 1.01kb[0m
[90mGET /index.html [33m404 [90m1ms - 1.01kb[0m
[90mGET /index.html [33m404 [90m1ms - 1.01kb[0m
[90mGET /index.html [33m404 [90m4ms - 1.01kb[0m
[90mGET /index.html [33m404 [90m1ms - 1.01kb[0m
[90mGET /index.html [33m404 [90m1ms - 1.01kb[0m
[90mGET /index.html [33m404 [90m1ms - 1.01kb[0m
[90mGET /index.html [33m404 [90m1ms - 1.01kb[0m
[90mGET /index.html [33m404 [90m1ms - 1.01kb[0m
[90mGET /index.html [33m404 [90m1ms - 1.01kb[0m
[90mGET /index.html [33m404 [90m1ms - 1.01kb[0m
[90mGET /index.html [33m404 [90m1ms - 1.01kb[0m
[90mGET /index.html [33m404 [90m1ms - 1.01kb[0m
[90mGET /index.html [33m404 [90m1ms - 1.01kb[0m
[90mGET /index.html [33m404 [90m1ms - 1.01kb[0m
[90mGET /index.html [33m404 [90m1ms - 1.01kb[0m
[90mGET /index.html [33m404 [90m1ms - 1.01kb[0m
[90mGET /index.html [33m404 [90m1ms - 1.01kb[0m
[90mGET /index.html [33m404 [90m1ms - 1.01kb[0m
[90mGET /index.html [33m404 [90m1ms - 1.01kb[0m
[90mGET /index.html [33m404 [90m3ms - 1.01kb[0m
[90mGET /index.html [33m404 [90m1ms - 1.01kb[0m
[90mGET /index.html [33m404 [90m3ms - 1.01kb[0m
[90mGET /index.html [33m404 [90m1ms - 1.01kb[0m
[90mGET /index.html [33m404 [90m1ms - 1.01kb[0m
[90mGET /index.html [33m404 [90m2ms - 1.01kb[0m
[90mGET / [32m200 [90m5ms - 30.68kb[0m
[90mGET /assets/bootstrap/css/bootstrap-theme.min.css [32m200 [90m0ms - 18.42kb[0m
[90mGET /assets/js/owl-carousel/owl.transitions.css [32m200 [90m2ms - 4.37kb[0m
[90mGET /assets/js/owl-carousel/owl.theme.css [32m200 [90m2ms - 1.63kb[0m
[90mGET /assets/js/owl-carousel/owl.carousel.css [32m200 [90m2ms - 1.44kb[0m
[90mGET /assets/bootstrap/css/bootstrap.min.css [32m200 [90m169ms - 106.95kb[0m
[90mGET /assets/css/font-awesome/css/font-awesome.min.css [32m200 [90m1ms - 21.47kb[0m
[90mGET /assets/js/wow/animate.css [32m200 [90m236ms - 67.15kb[0m
[90mGET /assets/js/lightbox/css/lightbox.css [32m200 [90m1ms - 3.78kb[0m
[90mGET /assets/css/custom.css [32m200 [90m1ms - 73b[0m
[90mGET /assets/css/styles.css [32m200 [90m116ms - 46.13kb[0m
[90mGET /assets/bootstrap/js/bootstrap.min.js [32m200 [90m1ms - 31.07kb[0m
[90mGET /assets/js/jquery.easing.1.3.js [32m200 [90m0ms - 7.91kb[0m
[90mGET /assets/js/jquery.backstretch.min.js [32m200 [90m0ms - 4.13kb[0m
[90mGET /assets/js/detectmobilebrowser.js [32m200 [90m0ms - 2.17kb[0m
[90mGET /assets/js/owl-carousel/owl.carousel.min.js [32m200 [90m0ms - 14.57kb[0m
[90mGET /assets/js/lightbox/js/lightbox.min.js [32m200 [90m1ms - 7.62kb[0m
[90mGET /assets/js/wow/wow.min.js [32m200 [90m0ms - 4.66kb[0m
[90mGET /assets/css/fonts/stylesheet.css [32m200 [90m0ms - 2.09kb[0m
[90mGET /assets/js/functions.js [32m200 [90m1ms - 49.65kb[0m
[90mGET /assets/js/initialise-functions.js [32m200 [90m2ms - 6.91kb[0m
[90mGET /assets/images/other_images/harvard_symbol.png [32m200 [90m1ms - 15.9kb[0m
[90mGET /assets/images/other_images/stanford_symbol.png [32m200 [90m2ms - 14.91kb[0m
[90mGET /assets/images/other_images/iit_symbol.png [32m200 [90m0ms - 2.33kb[0m
[90mGET /assets/images/other_images/stonybrook_symbol.png [32m200 [90m310ms - 45.78kb[0m
[90mGET /assets/images/other_images/ajou_symbol.png [32m200 [90m485ms - 237.77kb[0m
[90mGET /assets/css/fonts/OpenSans-Light-webfont.svg [32m200 [90m280ms - 114.52kb[0m
[90mGET /assets/bootstrap/fonts/glyphicons-halflings-regular.woff [32m200 [90m1ms - 22.77kb[0m
[90mGET /assets/css/fonts/OpenSans-Regular-webfont.svg [32m200 [90m318ms - 116.6kb[0m
[90mGET /assets/css/fonts/OpenSans-Bold-webfont.svg [32m200 [90m468ms - 115.49kb[0m
[90mGET /assets/images/theme_images/background-image-overlay.png [32m200 [90m1ms - 3.2kb[0m
[90mGET /assets/images/theme_images/social_icons/linkedin.png [32m200 [90m0ms - 1.62kb[0m
[90mGET /assets/images/theme_images/social_icons/facebook.png [32m200 [90m1ms - 1.48kb[0m
[90mGET /assets/images/other_images/kaist_symbol.png [32m200 [90m1ms - 2.54kb[0m
[90mGET /assets/images/other_images/lg_symbol.png [32m200 [90m1ms - 11.3kb[0m
[90mGET /assets/images/other_images/samsung_symbol.jpeg [32m200 [90m1ms - 6.73kb[0m
[90mGET /assets/images/other_images/tlc_symbol.jpg [32m200 [90m1ms - 2.87kb[0m
[90mGET /assets/js/lightbox/img/close.png [32m200 [90m0ms - 2.86kb[0m
[90mGET /assets/images/other_images/nam_vintage.jpg [32m200 [90m1666ms - 379.13kb[0m
[90mGET /assets/js/lightbox/img/prev.png [32m200 [90m1ms - 3.05kb[0m
[90mGET /assets/js/lightbox/img/loading.gif [32m200 [90m1ms - 8.28kb[0m
[90mGET /assets/js/lightbox/img/next.png [32m200 [90m1ms - 3.03kb[0m
[90mGET /assets/images/other_images/bg5.jpg [32m200 [90m1ms - 111.15kb[0m
[90mGET /assets/images/other_images/bg1.jpg [32m200 [90m1ms - 80.52kb[0m
[90mGET /assets/images/other_images/bg6.jpg [32m200 [90m1ms - 92.09kb[0m
[90mGET /assets/images/other_images/bg2.jpg [32m200 [90m379ms - 156.59kb[0m
[90mGET /assets/images/other_images/bg4.jpg [32m200 [90m602ms - 190.18kb[0m
[90mGET /assets/images/other_images/bg3.jpg [32m200 [90m723ms - 131.53kb[0m
[90mGET /assets/images/other_images/favicon.ico [32m200 [90m1ms - 1.37kb[0m
[90mGET / [36m304 [90m6ms[0m
[90mGET /assets/bootstrap/css/bootstrap.min.css [36m304 [90m1ms[0m
[90mGET /assets/bootstrap/css/bootstrap-theme.min.css [36m304 [90m1ms[0m
[90mGET /assets/js/owl-carousel/owl.carousel.css [36m304 [90m0ms[0m
[90mGET /assets/js/owl-carousel/owl.theme.css [36m304 [90m0ms[0m
[90mGET /assets/js/owl-carousel/owl.transitions.css [36m304 [90m1ms[0m
[90mGET /assets/js/wow/animate.css [36m304 [90m0ms[0m
[90mGET /assets/images/other_images/stanford_symbol.png [36m304 [90m0ms[0m
[90mGET /assets/images/other_images/harvard_symbol.png [36m304 [90m0ms[0m
[90mGET /assets/images/other_images/bg5.jpg [36m304 [90m1ms[0m
[90mGET /assets/images/other_images/nam_vintage.jpg [36m304 [90m0ms[0m
[90mGET /assets/css/font-awesome/css/font-awesome.min.css [36m304 [90m1ms[0m
[90mGET /assets/js/lightbox/css/lightbox.css [36m304 [90m1ms[0m
[90mGET /assets/css/styles.css [36m304 [90m0ms[0m
[90mGET /assets/css/custom.css [36m304 [90m1ms[0m
[90mGET /assets/images/other_images/stonybrook_symbol.png [36m304 [90m0ms[0m
[90mGET /assets/images/other_images/ajou_symbol.png [36m304 [90m0ms[0m
[90mGET /assets/images/other_images/iit_symbol.png [36m304 [90m2ms[0m
[90mGET /assets/images/other_images/kaist_symbol.png [36m304 [90m2ms[0m
[90mGET /assets/images/other_images/lg_symbol.png [36m304 [90m0ms[0m
[90mGET /assets/css/fonts/stylesheet.css [36m304 [90m0ms[0m
[90mGET /assets/images/other_images/samsung_symbol.jpeg [36m304 [90m1ms[0m
[90mGET /assets/images/other_images/tlc_symbol.jpg [36m304 [90m0ms[0m
[90mGET /assets/images/theme_images/social_icons/facebook.png [36m304 [90m2ms[0m
[90mGET /assets/images/theme_images/social_icons/linkedin.png [36m304 [90m0ms[0m
[90mGET /assets/bootstrap/js/bootstrap.min.js [36m304 [90m0ms[0m
[90mGET /assets/js/jquery.easing.1.3.js [36m304 [90m1ms[0m
[90mGET /assets/js/jquery.backstretch.min.js [36m304 [90m0ms[0m
[90mGET /assets/js/detectmobilebrowser.js [36m304 [90m0ms[0m
[90mGET /assets/js/owl-carousel/owl.carousel.min.js [36m304 [90m1ms[0m
[90mGET /assets/js/lightbox/js/lightbox.min.js [36m304 [90m0ms[0m
[90mGET /assets/css/fonts/OpenSans-Light-webfont.svg [36m304 [90m0ms[0m
[90mGET /assets/bootstrap/fonts/glyphicons-halflings-regular.woff [36m304 [90m1ms[0m
[90mGET /assets/css/fonts/OpenSans-Regular-webfont.svg [36m304 [90m0ms[0m
[90mGET /assets/css/fonts/OpenSans-Bold-webfont.svg [36m304 [90m1ms[0m
[90mGET /assets/js/wow/wow.min.js [36m304 [90m0ms[0m
[90mGET /assets/images/theme_images/background-image-overlay.png [36m304 [90m1ms[0m
[90mGET /assets/js/functions.js [36m304 [90m0ms[0m
[90mGET /assets/js/initialise-functions.js [36m304 [90m0ms[0m
[90mGET /assets/js/lightbox/img/close.png [36m304 [90m1ms[0m
[90mGET /assets/js/lightbox/img/loading.gif [36m304 [90m0ms[0m
[90mGET /assets/js/lightbox/img/prev.png [36m304 [90m1ms[0m
[90mGET /assets/js/lightbox/img/next.png [36m304 [90m0ms[0m
[90mGET /assets/images/other_images/bg6.jpg [36m304 [90m1ms[0m
[90mGET /assets/images/other_images/bg1.jpg [36m304 [90m0ms[0m
[90mGET /assets/images/other_images/bg2.jpg [36m304 [90m0ms[0m
[90mGET /assets/images/other_images/bg3.jpg [36m304 [90m0ms[0m
[90mGET /assets/images/other_images/bg4.jpg [36m304 [90m0ms[0m
[90mGET /index.html [33m404 [90m1ms - 1.01kb[0m
[90mGET /index.html [33m404 [90m1ms - 1.01kb[0m
[90mGET /index.html [33m404 [90m1ms - 1.01kb[0m
[90mGET /index.html [33m404 [90m1ms - 1.01kb[0m
[90mGET /index.html [33m404 [90m1ms - 1.01kb[0m
[90mGET /index.html [33m404 [90m1ms - 1.01kb[0m
[90mGET /index.html [33m404 [90m2ms - 1.01kb[0m
[90mGET /index.html [33m404 [90m1ms - 1.01kb[0m
[90mGET /index.html [33m404 [90m1ms - 1.01kb[0m
[90mGET /index.html [33m404 [90m1ms - 1.01kb[0m
[90mGET /index.html [33m404 [90m4ms - 1.01kb[0m
[90mGET /index.html [33m404 [90m1ms - 1.01kb[0m
[90mGET /index.html [33m404 [90m1ms - 1.01kb[0m
[90mGET /index.html [33m404 [90m1ms - 1.01kb[0m
[90mGET /index.html [33m404 [90m1ms - 1.01kb[0m
[90mGET /index.html [33m404 [90m1ms - 1.01kb[0m
[90mGET /index.html [33m404 [90m1ms - 1.01kb[0m
[90mGET /index.html [33m404 [90m1ms - 1.01kb[0m
[90mGET /index.html [33m404 [90m1ms - 1.01kb[0m
[90mGET /index.html [33m404 [90m1ms - 1.01kb[0m
[90mGET /index.html [33m404 [90m1ms - 1.01kb[0m
[90mGET /index.html [33m404 [90m2ms - 1.01kb[0m
[90mGET /index.html [33m404 [90m4ms - 1.01kb[0m
[90mGET /index.html [33m404 [90m20ms - 1.01kb[0m
[90mGET /index.html [33m404 [90m2ms - 1.01kb[0m
[90mGET /index.html [33m404 [90m2ms - 1.01kb[0m
[90mGET /index.html [33m404 [90m1ms - 1.01kb[0m
[90mGET /index.html [33m404 [90m4ms - 1.01kb[0m
[90mGET /index.html [33m404 [90m1ms - 1.01kb[0m
[90mGET /index.html [33m404 [90m1ms - 1.01kb[0m
[90mGET /index.html [33m404 [90m1ms - 1.01kb[0m
[90mGET /index.html [33m404 [90m1ms - 1.01kb[0m
[90mGET /index.html [33m404 [90m2ms - 1.01kb[0m
[90mGET /index.html [33m404 [90m1ms - 1.01kb[0m
[90mGET /index.html [33m404 [90m0ms - 1.01kb[0m
[90mGET /index.html [33m404 [90m1ms - 1.01kb[0m
[90mGET /index.html [33m404 [90m1ms - 1.01kb[0m
[90mGET /index.html [33m404 [90m1ms - 1.01kb[0m
[90mGET /index.html [33m404 [90m1ms - 1.01kb[0m
[90mGET /index.html [33m404 [90m1ms - 1.01kb[0m
[90mGET /index.html [33m404 [90m1ms - 1.01kb[0m
[90mGET /index.html [33m404 [90m1ms - 1.01kb[0m
[90mGET /index.html [33m404 [90m1ms - 1.01kb[0m
[90mGET /index.html [33m404 [90m1ms - 1.01kb[0m
[90mGET /index.html [33m404 [90m3ms - 1.01kb[0m
[90mGET /index.html [33m404 [90m1ms - 1.01kb[0m
[90mGET /index.html [33m404 [90m1ms - 1.01kb[0m
[90mGET /index.html [33m404 [90m1ms - 1.01kb[0m
[90mGET /index.html [33m404 [90m1ms - 1.01kb[0m
[90mGET /index.html [33m404 [90m1ms - 1.01kb[0m
[90mGET /index.html [33m404 [90m1ms - 1.01kb[0m
[90mGET /index.html [33m404 [90m1ms - 1.01kb[0m
[90mGET /index.html [33m404 [90m1ms - 1.01kb[0m
[90mGET /index.html [33m404 [90m1ms - 1.01kb[0m
[90mGET /index.html [33m404 [90m1ms - 1.01kb[0m
[90mGET /index.html [33m404 [90m1ms - 1.01kb[0m
[90mGET /index.html [33m404 [90m1ms - 1.01kb[0m
[90mGET /index.html [33m404 [90m1ms - 1.01kb[0m
[90mGET /index.html [33m404 [90m1ms - 1.01kb[0m
[90mGET /index.html [33m404 [90m1ms - 1.01kb[0m
[90mGET /index.html [33m404 [90m1ms - 1.01kb[0m
[90mGET /index.html [33m404 [90m3ms - 1.01kb[0m
[90mGET / [32m200 [90m5ms - 30.68kb[0m
[90mGET / [32m200 [90m4ms - 30.68kb[0m
[90mGET /assets/js/owl-carousel/owl.carousel.css [32m200 [90m1ms - 1.44kb[0m
[90mGET /assets/js/owl-carousel/owl.transitions.css [32m200 [90m1ms - 4.37kb[0m
[90mGET /assets/js/jquery.easing.1.3.js [32m200 [90m2ms - 7.91kb[0m
[90mGET /assets/js/lightbox/js/lightbox.min.js [32m200 [90m2ms - 7.62kb[0m
[90mGET /assets/images/other_images/favicon.ico [32m200 [90m0ms - 1.37kb[0m
[90mGET /assets/js/owl-carousel/owl.theme.css [32m200 [90m0ms - 1.63kb[0m
[90mGET /assets/js/initialise-functions.js [32m200 [90m1ms - 6.91kb[0m
[90mGET /assets/js/wow/wow.min.js [32m200 [90m0ms - 4.66kb[0m
[90mGET /assets/css/font-awesome/css/font-awesome.min.css [32m200 [90m46ms - 21.47kb[0m
[90mGET /assets/images/other_images/harvard_symbol.png [32m200 [90m2ms - 15.9kb[0m
[90mGET /assets/js/functions.js [32m200 [90m49ms - 49.65kb[0m
[90mGET /assets/bootstrap/js/bootstrap.min.js [32m200 [90m50ms - 31.07kb[0m
[90mGET /assets/bootstrap/css/bootstrap.min.css [32m200 [90m95ms - 106.95kb[0m
[90mGET /assets/images/other_images/stanford_symbol.png [32m200 [90m1ms - 14.91kb[0m
[90mGET /assets/images/other_images/iit_symbol.png [32m200 [90m1ms - 2.33kb[0m
[90mGET /assets/bootstrap/css/bootstrap-theme.min.css [32m200 [90m48ms - 18.42kb[0m
[90mGET /assets/images/other_images/kaist_symbol.png [32m200 [90m1ms - 2.54kb[0m
[90mGET /assets/css/custom.css [32m200 [90m1ms - 73b[0m
[90mGET /assets/images/other_images/lg_symbol.png [32m200 [90m1ms - 11.3kb[0m
[90mGET /assets/images/other_images/tlc_symbol.jpg [32m200 [90m0ms - 2.87kb[0m
[90mGET /assets/images/theme_images/social_icons/facebook.png [32m200 [90m1ms - 1.48kb[0m
[90mGET /assets/images/theme_images/social_icons/linkedin.png [32m200 [90m1ms - 1.62kb[0m
[90mGET /assets/js/lightbox/css/lightbox.css [32m200 [90m0ms - 3.78kb[0m
[90mGET /assets/js/owl-carousel/owl.carousel.min.js [32m200 [90m0ms - 14.57kb[0m
[90mGET /assets/js/detectmobilebrowser.js [32m200 [90m0ms - 2.17kb[0m
[90mGET /assets/images/other_images/samsung_symbol.jpeg [32m200 [90m1ms - 6.73kb[0m
[90mGET /assets/js/jquery.backstretch.min.js [32m200 [90m1ms - 4.13kb[0m
[90mGET /assets/images/other_images/stonybrook_symbol.png [32m200 [90m93ms - 45.78kb[0m
[90mGET /assets/js/wow/animate.css [32m200 [90m49ms - 67.15kb[0m
[90mGET /assets/css/styles.css [32m200 [90m96ms - 46.13kb[0m
[90mGET /assets/css/fonts/stylesheet.css [32m200 [90m0ms - 2.09kb[0m
[90mGET /assets/images/other_images/nam_vintage.jpg [32m200 [90m333ms - 379.13kb[0m
[90mGET /assets/images/other_images/ajou_symbol.png [32m200 [90m287ms - 237.77kb[0m
[90mGET /assets/js/lightbox/img/next.png [32m200 [90m5ms - 3.03kb[0m
[90mGET /assets/images/theme_images/background-image-overlay.png [32m200 [90m5ms - 3.2kb[0m
[90mGET /assets/js/lightbox/img/close.png [32m200 [90m4ms - 2.86kb[0m
[90mGET /assets/js/lightbox/img/prev.png [32m200 [90m4ms - 3.05kb[0m
[90mGET /assets/js/lightbox/img/loading.gif [32m200 [90m5ms - 8.28kb[0m
[90mGET /assets/bootstrap/fonts/glyphicons-halflings-regular.woff [32m200 [90m4ms - 22.77kb[0m
[90mGET /assets/css/fonts/OpenSans-Bold-webfont.svg [32m200 [90m51ms - 115.49kb[0m
[90mGET /assets/images/other_images/bg5.jpg [32m200 [90m97ms - 111.15kb[0m
[90mGET /assets/css/fonts/OpenSans-Regular-webfont.svg [32m200 [90m99ms - 116.6kb[0m
[90mGET /assets/css/fonts/OpenSans-Light-webfont.svg [32m200 [90m100ms - 114.52kb[0m
[90mGET /assets/images/other_images/bg6.jpg [32m200 [90m95ms - 92.09kb[0m
[90mGET /assets/images/other_images/bg1.jpg [32m200 [90m97ms - 80.52kb[0m
[90mGET /assets/images/other_images/bg4.jpg [32m200 [90m141ms - 190.18kb[0m
[90mGET /assets/images/other_images/bg3.jpg [32m200 [90m145ms - 131.53kb[0m
[90mGET /assets/images/other_images/bg2.jpg [32m200 [90m186ms - 156.59kb[0m
[90mGET /index.html [33m404 [90m3ms - 1.01kb[0m
[90mGET /index.html [33m404 [90m1ms - 1.01kb[0m
[90mGET /index.html [33m404 [90m1ms - 1.01kb[0m
[90mGET /index.html [33m404 [90m1ms - 1.01kb[0m
[90mGET /index.html [33m404 [90m1ms - 1.01kb[0m
[90mGET /index.html [33m404 [90m3ms - 1.01kb[0m
[90mGET /index.html [33m404 [90m1ms - 1.01kb[0m
[90mGET /index.html [33m404 [90m1ms - 1.01kb[0m
[90mGET /index.html [33m404 [90m1ms - 1.01kb[0m
[90mGET /index.html [33m404 [90m1ms - 1.01kb[0m
[90mGET /index.html [33m404 [90m0ms - 1.01kb[0m
[90mGET /index.html [33m404 [90m1ms - 1.01kb[0m
[90mGET /index.html [33m404 [90m1ms - 1.01kb[0m
[90mGET /index.html [33m404 [90m1ms - 1.01kb[0m
[90mGET /index.html [33m404 [90m1ms - 1.01kb[0m
[90mGET /index.html [33m404 [90m1ms - 1.01kb[0m
[90mGET /index.html [33m404 [90m4ms - 1.01kb[0m
[90mGET /index.html [33m404 [90m1ms - 1.01kb[0m
[90mGET /index.html [33m404 [90m1ms - 1.01kb[0m
[90mGET /index.html [33m404 [90m1ms - 1.01kb[0m
[90mGET /index.html [33m404 [90m1ms - 1.01kb[0m
[90mGET /index.html [33m404 [90m1ms - 1.01kb[0m
[90mGET /index.html [33m404 [90m1ms - 1.01kb[0m
[90mGET /index.html [33m404 [90m1ms - 1.01kb[0m
[90mGET /index.html [33m404 [90m1ms - 1.01kb[0m
[90mGET /index.html [33m404 [90m1ms - 1.01kb[0m
[90mGET /index.html [33m404 [90m3ms - 1.01kb[0m
[90mGET /index.html [33m404 [90m1ms - 1.01kb[0m
[90mGET /index.html [33m404 [90m1ms - 1.01kb[0m
[90mGET /index.html [33m404 [90m1ms - 1.01kb[0m
[90mGET /index.html [33m404 [90m1ms - 1.01kb[0m
[90mGET /index.html [33m404 [90m1ms - 1.01kb[0m
[90mGET /index.html [33m404 [90m1ms - 1.01kb[0m
[90mGET /index.html [33m404 [90m1ms - 1.01kb[0m
[90mGET /index.html [33m404 [90m1ms - 1.01kb[0m
[90mGET /index.html [33m404 [90m1ms - 1.01kb[0m
[90mGET /index.html [33m404 [90m1ms - 1.01kb[0m
[90mGET /index.html [33m404 [90m1ms - 1.01kb[0m
[90mGET /index.html [33m404 [90m1ms - 1.01kb[0m
[90mGET /index.html [33m404 [90m1ms - 1.01kb[0m
[90mGET /index.html [33m404 [90m1ms - 1.01kb[0m
[90mGET /index.html [33m404 [90m1ms - 1.01kb[0m
[90mGET /index.html [33m404 [90m2ms - 1.01kb[0m
[90mGET /index.html [33m404 [90m1ms - 1.01kb[0m
[90mGET /index.html [33m404 [90m1ms - 1.01kb[0m
[90mGET /index.html [33m404 [90m1ms - 1.01kb[0m
[90mGET /index.html [33m404 [90m0ms - 1.01kb[0m
[90mGET /index.html [33m404 [90m1ms - 1.01kb[0m
[90mGET /index.html [33m404 [90m1ms - 1.01kb[0m
[90mGET /index.html [33m404 [90m1ms - 1.01kb[0m
[90mGET /index.html [33m404 [90m1ms - 1.01kb[0m
[90mGET /index.html [33m404 [90m1ms - 1.01kb[0m
[90mGET /index.html [33m404 [90m1ms - 1.01kb[0m
[90mGET /index.html [33m404 [90m1ms - 1.01kb[0m
[90mGET /index.html [33m404 [90m1ms - 1.01kb[0m
[90mGET /index.html [33m404 [90m1ms - 1.01kb[0m
[90mGET /index.html [33m404 [90m1ms - 1.01kb[0m
[90mGET /index.html [33m404 [90m1ms - 1.01kb[0m
[90mGET /index.html [33m404 [90m1ms - 1.01kb[0m
[90mGET /index.html [33m404 [90m1ms - 1.01kb[0m
[90mGET /index.html [33m404 [90m1ms - 1.01kb[0m
[90mGET /index.html [33m404 [90m2ms - 1.01kb[0m
[90mGET /index.html [33m404 [90m1ms - 1.01kb[0m
[90mGET /index.html [33m404 [90m1ms - 1.01kb[0m
[90mGET /index.html [33m404 [90m1ms - 1.01kb[0m
[90mGET /index.html [33m404 [90m1ms - 1.01kb[0m
